<?xml version="1.0" encoding="UTF-8"?>
<testng-results ignored="0" total="1" passed="1" failed="0" skipped="0">
  <reporter-output>
  </reporter-output>
  <suite started-at="2024-02-12T18:23:26 IST" name="Default suite" finished-at="2024-02-12T18:23:28 IST" duration-ms="2405">
    <groups>
    </groups>
    <test started-at="2024-02-12T18:23:26 IST" name="Default test" finished-at="2024-02-12T18:23:28 IST" duration-ms="2405">
      <class name="Day4.ParsingJSONResponseData">
        <test-method signature="testJsonResponse()[pri:0, instance:Day4.ParsingJSONResponseData@12468a38]" started-at="2024-02-12T18:23:26 IST" name="testJsonResponse" finished-at="2024-02-12T18:23:28 IST" duration-ms="2373" status="PASS">
          <reporter-output>
          </reporter-output>
        </test-method> <!-- testJsonResponse -->
      </class> <!-- Day4.ParsingJSONResponseData -->
    </test> <!-- Default test -->
  </suite> <!-- Default suite -->
</testng-results>
